CRITICAL - 2025-05-02 16:40:54 --> CodeIgniter\View\Exceptions\ViewException: Invalid file: "tareas/index.php"
[Method: GET, Route: tareas]
in SYSTEMPATH\Exceptions\FrameworkException.php on line 39.
 1 SYSTEMPATH\View\View.php(212): CodeIgniter\Exceptions\FrameworkException::forInvalidFile('tareas/index.php')
 2 SYSTEMPATH\Common.php(1173): CodeIgniter\View\View->render('tareas/index', [], true)
 3 APPPATH\Controllers\TareaController.php(28): view('tareas/index', [...])
 4 SYSTEMPATH\CodeIgniter.php(933): App\Controllers\TareaController->index()
 5 SYSTEMPATH\CodeIgniter.php(507): CodeIgniter\CodeIgniter->runController(Object(App\Controllers\TareaController))
 6 SYSTEMPATH\CodeIgniter.php(354): CodeIgniter\CodeIgniter->handleRequest(null, Object(Config\Cache), false)
 7 SYSTEMPATH\Boot.php(334): CodeIgniter\CodeIgniter->run()
 8 SYSTEMPATH\Boot.php(67): CodeIgniter\Boot::runCodeIgniter(Object(CodeIgniter\CodeIgniter))
 9 FCPATH\index.php(56): CodeIgniter\Boot::bootWeb(Object(Config\Paths))
ERROR - 2025-05-02 16:41:57 --> mysqli_sql_exception: Cannot add or update a child row: a foreign key constraint fails (`gestor_tareas`.`tareas`, CONSTRAINT `tareas_ibfk_1` FOREIGN KEY (`id_usuario`) REFERENCES `usuarios` (`id`) ON DELETE CASCADE) in D:\xampp\htdocs\TickTask\system\Database\MySQLi\Connection.php:327
Stack trace:
#0 D:\xampp\htdocs\TickTask\system\Database\MySQLi\Connection.php(327): mysqli->query('INSERT INTO `ta...', 0)
#1 D:\xampp\htdocs\TickTask\system\Database\BaseConnection.php(738): CodeIgniter\Database\MySQLi\Connection->execute('INSERT INTO `ta...')
#2 D:\xampp\htdocs\TickTask\system\Database\BaseConnection.php(652): CodeIgniter\Database\BaseConnection->simpleQuery('INSERT INTO `ta...')
#3 D:\xampp\htdocs\TickTask\system\Database\BaseBuilder.php(2345): CodeIgniter\Database\BaseConnection->query('INSERT INTO `ta...', Array, false)
#4 D:\xampp\htdocs\TickTask\system\Model.php(394): CodeIgniter\Database\BaseBuilder->insert()
#5 D:\xampp\htdocs\TickTask\system\BaseModel.php(839): CodeIgniter\Model->doInsert(Array)
#6 D:\xampp\htdocs\TickTask\system\Model.php(800): CodeIgniter\BaseModel->insert(Array, true)
#7 D:\xampp\htdocs\TickTask\app\Controllers\TareaController.php(54): CodeIgniter\Model->insert(Array)
#8 D:\xampp\htdocs\TickTask\system\CodeIgniter.php(933): App\Controllers\TareaController->create()
#9 D:\xampp\htdocs\TickTask\system\CodeIgniter.php(507): CodeIgniter\CodeIgniter->runController(Object(App\Controllers\TareaController))
#10 D:\xampp\htdocs\TickTask\system\CodeIgniter.php(354): CodeIgniter\CodeIgniter->handleRequest(NULL, Object(Config\Cache), false)
#11 D:\xampp\htdocs\TickTask\system\Boot.php(334): CodeIgniter\CodeIgniter->run()
#12 D:\xampp\htdocs\TickTask\system\Boot.php(67): CodeIgniter\Boot::runCodeIgniter(Object(CodeIgniter\CodeIgniter))
#13 D:\xampp\htdocs\TickTask\index.php(56): CodeIgniter\Boot::bootWeb(Object(Config\Paths))
#14 {main}
CRITICAL - 2025-05-02 16:41:57 --> CodeIgniter\Database\Exceptions\DatabaseException: Cannot add or update a child row: a foreign key constraint fails (`gestor_tareas`.`tareas`, CONSTRAINT `tareas_ibfk_1` FOREIGN KEY (`id_usuario`) REFERENCES `usuarios` (`id`) ON DELETE CASCADE)
[Method: POST, Route: tareas/create]
in SYSTEMPATH\Database\BaseConnection.php on line 692.
 1 SYSTEMPATH\Database\BaseBuilder.php(2345): CodeIgniter\Database\BaseConnection->query('INSERT INTO `tareas` (`asunto`, `descripcion`, `fecha_vencimiento`, `fecha_recordatorio`, `prioridad`, `created_at`, `updated_at`) VALUES (:asunto:, :descripcion:, :fecha_vencimiento:, :fecha_recordatorio:, :prioridad:, :created_at:, :updated_at:)', [...], false)
 2 SYSTEMPATH\Model.php(394): CodeIgniter\Database\BaseBuilder->insert()
 3 SYSTEMPATH\BaseModel.php(839): CodeIgniter\Model->doInsert([...])
 4 SYSTEMPATH\Model.php(800): CodeIgniter\BaseModel->insert([...], true)
 5 APPPATH\Controllers\TareaController.php(54): CodeIgniter\Model->insert([...])
 6 SYSTEMPATH\CodeIgniter.php(933): App\Controllers\TareaController->create()
 7 SYSTEMPATH\CodeIgniter.php(507): CodeIgniter\CodeIgniter->runController(Object(App\Controllers\TareaController))
 8 SYSTEMPATH\CodeIgniter.php(354): CodeIgniter\CodeIgniter->handleRequest(null, Object(Config\Cache), false)
 9 SYSTEMPATH\Boot.php(334): CodeIgniter\CodeIgniter->run()
10 SYSTEMPATH\Boot.php(67): CodeIgniter\Boot::runCodeIgniter(Object(CodeIgniter\CodeIgniter))
11 FCPATH\index.php(56): CodeIgniter\Boot::bootWeb(Object(Config\Paths))
CRITICAL - 2025-05-02 16:41:57 --> [Caused by] CodeIgniter\Database\Exceptions\DatabaseException: Cannot add or update a child row: a foreign key constraint fails (`gestor_tareas`.`tareas`, CONSTRAINT `tareas_ibfk_1` FOREIGN KEY (`id_usuario`) REFERENCES `usuarios` (`id`) ON DELETE CASCADE)
in SYSTEMPATH\Database\MySQLi\Connection.php on line 332.
 1 SYSTEMPATH\Database\BaseConnection.php(738): CodeIgniter\Database\MySQLi\Connection->execute('INSERT INTO `tareas` (`asunto`, `descripcion`, `fecha_vencimiento`, `fecha_recordatorio`, `prioridad`, `created_at`, `updated_at`) VALUES (\'Ordenar Placard\', \'hay que ordenar el placard\', \'2025-05-07\', \'2025-05-05\', \'normal\', \'2025-05-02 16:41:57\', \'2025-05-02 16:41:57\')')
 2 SYSTEMPATH\Database\BaseConnection.php(652): CodeIgniter\Database\BaseConnection->simpleQuery('INSERT INTO `tareas` (`asunto`, `descripcion`, `fecha_vencimiento`, `fecha_recordatorio`, `prioridad`, `created_at`, `updated_at`) VALUES (\'Ordenar Placard\', \'hay que ordenar el placard\', \'2025-05-07\', \'2025-05-05\', \'normal\', \'2025-05-02 16:41:57\', \'2025-05-02 16:41:57\')')
 3 SYSTEMPATH\Database\BaseBuilder.php(2345): CodeIgniter\Database\BaseConnection->query('INSERT INTO `tareas` (`asunto`, `descripcion`, `fecha_vencimiento`, `fecha_recordatorio`, `prioridad`, `created_at`, `updated_at`) VALUES (:asunto:, :descripcion:, :fecha_vencimiento:, :fecha_recordatorio:, :prioridad:, :created_at:, :updated_at:)', [...], false)
 4 SYSTEMPATH\Model.php(394): CodeIgniter\Database\BaseBuilder->insert()
 5 SYSTEMPATH\BaseModel.php(839): CodeIgniter\Model->doInsert([...])
 6 SYSTEMPATH\Model.php(800): CodeIgniter\BaseModel->insert([...], true)
 7 APPPATH\Controllers\TareaController.php(54): CodeIgniter\Model->insert([...])
 8 SYSTEMPATH\CodeIgniter.php(933): App\Controllers\TareaController->create()
 9 SYSTEMPATH\CodeIgniter.php(507): CodeIgniter\CodeIgniter->runController(Object(App\Controllers\TareaController))
10 SYSTEMPATH\CodeIgniter.php(354): CodeIgniter\CodeIgniter->handleRequest(null, Object(Config\Cache), false)
11 SYSTEMPATH\Boot.php(334): CodeIgniter\CodeIgniter->run()
12 SYSTEMPATH\Boot.php(67): CodeIgniter\Boot::runCodeIgniter(Object(CodeIgniter\CodeIgniter))
13 FCPATH\index.php(56): CodeIgniter\Boot::bootWeb(Object(Config\Paths))
CRITICAL - 2025-05-02 16:41:57 --> [Caused by] mysqli_sql_exception: Cannot add or update a child row: a foreign key constraint fails (`gestor_tareas`.`tareas`, CONSTRAINT `tareas_ibfk_1` FOREIGN KEY (`id_usuario`) REFERENCES `usuarios` (`id`) ON DELETE CASCADE)
in SYSTEMPATH\Database\MySQLi\Connection.php on line 327.
 1 SYSTEMPATH\Database\MySQLi\Connection.php(327): mysqli->query('INSERT INTO `tareas` (`asunto`, `descripcion`, `fecha_vencimiento`, `fecha_recordatorio`, `prioridad`, `created_at`, `updated_at`) VALUES (\'Ordenar Placard\', \'hay que ordenar el placard\', \'2025-05-07\', \'2025-05-05\', \'normal\', \'2025-05-02 16:41:57\', \'2025-05-02 16:41:57\')', 0)
 2 SYSTEMPATH\Database\BaseConnection.php(738): CodeIgniter\Database\MySQLi\Connection->execute('INSERT INTO `tareas` (`asunto`, `descripcion`, `fecha_vencimiento`, `fecha_recordatorio`, `prioridad`, `created_at`, `updated_at`) VALUES (\'Ordenar Placard\', \'hay que ordenar el placard\', \'2025-05-07\', \'2025-05-05\', \'normal\', \'2025-05-02 16:41:57\', \'2025-05-02 16:41:57\')')
 3 SYSTEMPATH\Database\BaseConnection.php(652): CodeIgniter\Database\BaseConnection->simpleQuery('INSERT INTO `tareas` (`asunto`, `descripcion`, `fecha_vencimiento`, `fecha_recordatorio`, `prioridad`, `created_at`, `updated_at`) VALUES (\'Ordenar Placard\', \'hay que ordenar el placard\', \'2025-05-07\', \'2025-05-05\', \'normal\', \'2025-05-02 16:41:57\', \'2025-05-02 16:41:57\')')
 4 SYSTEMPATH\Database\BaseBuilder.php(2345): CodeIgniter\Database\BaseConnection->query('INSERT INTO `tareas` (`asunto`, `descripcion`, `fecha_vencimiento`, `fecha_recordatorio`, `prioridad`, `created_at`, `updated_at`) VALUES (:asunto:, :descripcion:, :fecha_vencimiento:, :fecha_recordatorio:, :prioridad:, :created_at:, :updated_at:)', [...], false)
 5 SYSTEMPATH\Model.php(394): CodeIgniter\Database\BaseBuilder->insert()
 6 SYSTEMPATH\BaseModel.php(839): CodeIgniter\Model->doInsert([...])
 7 SYSTEMPATH\Model.php(800): CodeIgniter\BaseModel->insert([...], true)
 8 APPPATH\Controllers\TareaController.php(54): CodeIgniter\Model->insert([...])
 9 SYSTEMPATH\CodeIgniter.php(933): App\Controllers\TareaController->create()
10 SYSTEMPATH\CodeIgniter.php(507): CodeIgniter\CodeIgniter->runController(Object(App\Controllers\TareaController))
11 SYSTEMPATH\CodeIgniter.php(354): CodeIgniter\CodeIgniter->handleRequest(null, Object(Config\Cache), false)
12 SYSTEMPATH\Boot.php(334): CodeIgniter\CodeIgniter->run()
13 SYSTEMPATH\Boot.php(67): CodeIgniter\Boot::runCodeIgniter(Object(CodeIgniter\CodeIgniter))
14 FCPATH\index.php(56): CodeIgniter\Boot::bootWeb(Object(Config\Paths))
