DEBUG - 2025-05-16 03:07:54 --> Session: Class initialized using 'CodeIgniter\Session\Handlers\FileHandler' driver.
DEBUG - 2025-05-16 13:01:42 --> Session: Class initialized using 'CodeIgniter\Session\Handlers\FileHandler' driver.
DEBUG - 2025-05-16 13:02:19 --> Session: Class initialized using 'CodeIgniter\Session\Handlers\FileHandler' driver.
DEBUG - 2025-05-16 13:02:22 --> Stored hash: $2y$10$a.Fb4Ekq8TD0PulI5Ntvnuhas874XkvpAnijcB0DCs8k5wiSyDj0W
DEBUG - 2025-05-16 13:02:22 --> Input password: 42752078enzo
DEBUG - 2025-05-16 13:02:22 --> Session: Class initialized using 'CodeIgniter\Session\Handlers\FileHandler' driver.
DEBUG - 2025-05-16 13:02:22 --> Session: Class initialized using 'CodeIgniter\Session\Handlers\FileHandler' driver.
DEBUG - 2025-05-16 13:02:22 --> Session: Class initialized using 'CodeIgniter\Session\Handlers\FileHandler' driver.
WARNING - 2025-05-16 13:02:28 --> [DEPRECATED] Creation of dynamic property App\Controllers\TareaController::$subTareaModel is deprecated in APPPATH\Controllers\TareaController.php on line 16.
 1 SYSTEMPATH\CodeIgniter.php(903): App\Controllers\TareaController->__construct()
 2 SYSTEMPATH\CodeIgniter.php(498): CodeIgniter\CodeIgniter->createController()
 3 SYSTEMPATH\CodeIgniter.php(354): CodeIgniter\CodeIgniter->handleRequest(null, Object(Config\Cache), false)
 4 SYSTEMPATH\Boot.php(334): CodeIgniter\CodeIgniter->run()
 5 SYSTEMPATH\Boot.php(67): CodeIgniter\Boot::runCodeIgniter(Object(CodeIgniter\CodeIgniter))
 6 FCPATH\index.php(56): CodeIgniter\Boot::bootWeb(Object(Config\Paths))
DEBUG - 2025-05-16 13:02:28 --> Session: Class initialized using 'CodeIgniter\Session\Handlers\FileHandler' driver.
DEBUG - 2025-05-16 13:02:33 --> Session: Class initialized using 'CodeIgniter\Session\Handlers\FileHandler' driver.
DEBUG - 2025-05-16 13:02:33 --> Session: Class initialized using 'CodeIgniter\Session\Handlers\FileHandler' driver.
WARNING - 2025-05-16 13:02:41 --> [DEPRECATED] Creation of dynamic property App\Controllers\TareaController::$subTareaModel is deprecated in APPPATH\Controllers\TareaController.php on line 16.
 1 SYSTEMPATH\CodeIgniter.php(903): App\Controllers\TareaController->__construct()
 2 SYSTEMPATH\CodeIgniter.php(498): CodeIgniter\CodeIgniter->createController()
 3 SYSTEMPATH\CodeIgniter.php(354): CodeIgniter\CodeIgniter->handleRequest(null, Object(Config\Cache), false)
 4 SYSTEMPATH\Boot.php(334): CodeIgniter\CodeIgniter->run()
 5 SYSTEMPATH\Boot.php(67): CodeIgniter\Boot::runCodeIgniter(Object(CodeIgniter\CodeIgniter))
 6 FCPATH\index.php(56): CodeIgniter\Boot::bootWeb(Object(Config\Paths))
DEBUG - 2025-05-16 13:02:41 --> Session: Class initialized using 'CodeIgniter\Session\Handlers\FileHandler' driver.
WARNING - 2025-05-16 13:02:51 --> [DEPRECATED] Creation of dynamic property App\Controllers\TareaController::$subTareaModel is deprecated in APPPATH\Controllers\TareaController.php on line 16.
 1 SYSTEMPATH\CodeIgniter.php(903): App\Controllers\TareaController->__construct()
 2 SYSTEMPATH\CodeIgniter.php(498): CodeIgniter\CodeIgniter->createController()
 3 SYSTEMPATH\CodeIgniter.php(354): CodeIgniter\CodeIgniter->handleRequest(null, Object(Config\Cache), false)
 4 SYSTEMPATH\Boot.php(334): CodeIgniter\CodeIgniter->run()
 5 SYSTEMPATH\Boot.php(67): CodeIgniter\Boot::runCodeIgniter(Object(CodeIgniter\CodeIgniter))
 6 FCPATH\index.php(56): CodeIgniter\Boot::bootWeb(Object(Config\Paths))
DEBUG - 2025-05-16 13:02:51 --> Session: Class initialized using 'CodeIgniter\Session\Handlers\FileHandler' driver.
DEBUG - 2025-05-16 13:02:52 --> Session: Class initialized using 'CodeIgniter\Session\Handlers\FileHandler' driver.
WARNING - 2025-05-16 13:02:56 --> [DEPRECATED] Creation of dynamic property App\Controllers\TareaController::$subTareaModel is deprecated in APPPATH\Controllers\TareaController.php on line 16.
 1 SYSTEMPATH\CodeIgniter.php(903): App\Controllers\TareaController->__construct()
 2 SYSTEMPATH\CodeIgniter.php(498): CodeIgniter\CodeIgniter->createController()
 3 SYSTEMPATH\CodeIgniter.php(354): CodeIgniter\CodeIgniter->handleRequest(null, Object(Config\Cache), false)
 4 SYSTEMPATH\Boot.php(334): CodeIgniter\CodeIgniter->run()
 5 SYSTEMPATH\Boot.php(67): CodeIgniter\Boot::runCodeIgniter(Object(CodeIgniter\CodeIgniter))
 6 FCPATH\index.php(56): CodeIgniter\Boot::bootWeb(Object(Config\Paths))
DEBUG - 2025-05-16 13:02:56 --> Session: Class initialized using 'CodeIgniter\Session\Handlers\FileHandler' driver.
INFO - 2025-05-16 13:03:06 --> Datos recibidos: {"id_tarea":"18","asunto":"asd","descripcion":"asd","prioridad":"Normal","fecha_vencimiento":"2025-05-14","id_responsable":"4","asignado_es_admin":"1"}
INFO - 2025-05-16 13:03:06 --> Datos a insertar: {"id_tarea":"18","asunto":"asd","descripcion":"asd","prioridad":"Normal","id_responsable":"4","asignado_es_admin":1,"estado":"En proceso","fecha_vencimiento":"2025-05-14"}
DEBUG - 2025-05-16 13:03:06 --> Session: Class initialized using 'CodeIgniter\Session\Handlers\FileHandler' driver.
WARNING - 2025-05-16 13:03:06 --> [DEPRECATED] Creation of dynamic property App\Controllers\TareaController::$subTareaModel is deprecated in APPPATH\Controllers\TareaController.php on line 16.
 1 SYSTEMPATH\CodeIgniter.php(903): App\Controllers\TareaController->__construct()
 2 SYSTEMPATH\CodeIgniter.php(498): CodeIgniter\CodeIgniter->createController()
 3 SYSTEMPATH\CodeIgniter.php(354): CodeIgniter\CodeIgniter->handleRequest(null, Object(Config\Cache), false)
 4 SYSTEMPATH\Boot.php(334): CodeIgniter\CodeIgniter->run()
 5 SYSTEMPATH\Boot.php(67): CodeIgniter\Boot::runCodeIgniter(Object(CodeIgniter\CodeIgniter))
 6 FCPATH\index.php(56): CodeIgniter\Boot::bootWeb(Object(Config\Paths))
DEBUG - 2025-05-16 13:03:06 --> Session: Class initialized using 'CodeIgniter\Session\Handlers\FileHandler' driver.
WARNING - 2025-05-16 13:05:03 --> [DEPRECATED] Creation of dynamic property App\Controllers\TareaController::$subTareaModel is deprecated in APPPATH\Controllers\TareaController.php on line 16.
 1 SYSTEMPATH\CodeIgniter.php(903): App\Controllers\TareaController->__construct()
 2 SYSTEMPATH\CodeIgniter.php(498): CodeIgniter\CodeIgniter->createController()
 3 SYSTEMPATH\CodeIgniter.php(354): CodeIgniter\CodeIgniter->handleRequest(null, Object(Config\Cache), false)
 4 SYSTEMPATH\Boot.php(334): CodeIgniter\CodeIgniter->run()
 5 SYSTEMPATH\Boot.php(67): CodeIgniter\Boot::runCodeIgniter(Object(CodeIgniter\CodeIgniter))
 6 FCPATH\index.php(56): CodeIgniter\Boot::bootWeb(Object(Config\Paths))
DEBUG - 2025-05-16 13:05:03 --> Session: Class initialized using 'CodeIgniter\Session\Handlers\FileHandler' driver.
INFO - 2025-05-16 13:05:12 --> Datos recibidos: {"id_tarea":"18","asunto":"sd","descripcion":"asd","prioridad":"Alta","fecha_vencimiento":"2025-05-23","id_responsable":"4","asignado_es_admin":"1"}
INFO - 2025-05-16 13:05:12 --> Datos a insertar: {"id_tarea":"18","asunto":"sd","descripcion":"asd","prioridad":"Alta","id_responsable":"4","asignado_es_admin":1,"estado":"En proceso","fecha_vencimiento":"2025-05-23"}
DEBUG - 2025-05-16 13:05:13 --> Session: Class initialized using 'CodeIgniter\Session\Handlers\FileHandler' driver.
WARNING - 2025-05-16 13:05:13 --> [DEPRECATED] Creation of dynamic property App\Controllers\TareaController::$subTareaModel is deprecated in APPPATH\Controllers\TareaController.php on line 16.
 1 SYSTEMPATH\CodeIgniter.php(903): App\Controllers\TareaController->__construct()
 2 SYSTEMPATH\CodeIgniter.php(498): CodeIgniter\CodeIgniter->createController()
 3 SYSTEMPATH\CodeIgniter.php(354): CodeIgniter\CodeIgniter->handleRequest(null, Object(Config\Cache), false)
 4 SYSTEMPATH\Boot.php(334): CodeIgniter\CodeIgniter->run()
 5 SYSTEMPATH\Boot.php(67): CodeIgniter\Boot::runCodeIgniter(Object(CodeIgniter\CodeIgniter))
 6 FCPATH\index.php(56): CodeIgniter\Boot::bootWeb(Object(Config\Paths))
DEBUG - 2025-05-16 13:05:13 --> Session: Class initialized using 'CodeIgniter\Session\Handlers\FileHandler' driver.
